<?xml version="1.0" encoding="UTF-8"?>
<testsuite name="runners.SavePost" tests="0" skipped="0" failures="0" errors="0" timestamp="1970-01-01T00:00:00" hostname="CPX-FIGG3BM9NOP" time="0.0">
  <properties/>
  <system-out><![CDATA[13:59:14.893 [Test worker] DEBUG net.thucydides.core.util.PropertiesFileLocalPreferences - LOADING LOCAL PROPERTIES FROM C:\Users\a.mayorga.cortes\Documents\Workspace-Java\reddit-screenplay-automated-test\serenity.properties 
13:59:14.986 [Test worker] DEBUG net.thucydides.core.util.PropertiesFileLocalPreferences - LOADING LOCAL PROPERTIES FROM C:\Users\a.mayorga.cortes\Documents\Workspace-Java\reddit-screenplay-automated-test\serenity.properties 
13:59:14.991 [Test worker] DEBUG net.thucydides.core.util.PropertiesFileLocalPreferences - LOADING LOCAL PROPERTIES FROM C:\Users\a.mayorga.cortes\Documents\Workspace-Java\reddit-screenplay-automated-test\serenity.properties 
13:59:14.998 [Test worker] DEBUG net.thucydides.core.util.PropertiesFileLocalPreferences - webdriver.driver=chrome
13:59:15.005 [Test worker] DEBUG net.thucydides.core.util.PropertiesFileLocalPreferences - webdriver.chrome.driver=src/test/resources/drivers/chromedriver.exe
13:59:15.005 [Test worker] DEBUG net.thucydides.core.util.PropertiesFileLocalPreferences - chrome.switches=--lang=es,--disable-popup-blocking,--disable-download-notification,--start-maximized,--test-type,--ignore-certificate-errors, --allow-running-insecure-content, --disable-translate, --always-authorizeplugins, --disable-extensions, --disable-notifications
13:59:15.006 [Test worker] DEBUG net.thucydides.core.util.PropertiesFileLocalPreferences - serenity.project.name="Reddit automated test"
13:59:15.229 [Test worker] DEBUG net.thucydides.core.util.PropertiesFileLocalPreferences - LOADING LOCAL PROPERTIES FROM C:\Users\a.mayorga.cortes\Documents\Workspace-Java\reddit-screenplay-automated-test\serenity.properties 
13:59:15.276 [Test worker] DEBUG net.thucydides.core.util.PropertiesFileLocalPreferences - LOADING LOCAL PROPERTIES FROM C:\Users\a.mayorga.cortes\Documents\Workspace-Java\reddit-screenplay-automated-test\serenity.properties 
13:59:15.277 [Test worker] DEBUG net.thucydides.core.util.PropertiesFileLocalPreferences - LOADING LOCAL PROPERTIES FROM C:\Users\a.mayorga.cortes\Documents\Workspace-Java\reddit-screenplay-automated-test\serenity.properties 
13:59:15.278 [Test worker] DEBUG net.thucydides.core.util.PropertiesFileLocalPreferences - webdriver.driver=chrome
13:59:15.278 [Test worker] DEBUG net.thucydides.core.util.PropertiesFileLocalPreferences - webdriver.chrome.driver=src/test/resources/drivers/chromedriver.exe
13:59:15.279 [Test worker] DEBUG net.thucydides.core.util.PropertiesFileLocalPreferences - chrome.switches=--lang=es,--disable-popup-blocking,--disable-download-notification,--start-maximized,--test-type,--ignore-certificate-errors, --allow-running-insecure-content, --disable-translate, --always-authorizeplugins, --disable-extensions, --disable-notifications
13:59:15.279 [Test worker] DEBUG net.thucydides.core.util.PropertiesFileLocalPreferences - serenity.project.name="Reddit automated test"
13:59:15.280 [Test worker] INFO  - 

-------------------------------------------------------------------------------------
     _______. _______ .______       _______ .__   __.  __  .___________.____    ____ 
    /       ||   ____||   _  \     |   ____||  \ |  | |  | |           |\   \  /   / 
   |   (----`|  |__   |  |_)  |    |  |__   |   \|  | |  | `---|  |----` \   \/   /  
    \   \    |   __|  |      /     |   __|  |  . `  | |  |     |  |       \_    _/   
.----)   |   |  |____ |  |\  \----.|  |____ |  |\   | |  |     |  |         |  |     
|_______/    |_______|| _| `._____||_______||__| \__| |__|     |__|         |__|    
                                                                                     
 News and tutorials at http://www.serenity-bdd.info                                  
 Documentation at https://wakaleo.gitbooks.io/the-serenity-book/content/             
 Join the Serenity Community on Gitter: https://gitter.im/serenity-bdd/serenity-core 
 Serenity BDD Support and Training at http://serenity-bdd.info/#/trainingandsupport  
 Learn Serenity BDD online at https://www.serenitydojo.net                           
-------------------------------------------------------------------------------------

13:59:15.292 [Test worker] DEBUG net.thucydides.core.steps.StepEventBus - Test suite started for story net.thucydides.core.model.Story@f47dec45
13:59:15.295 [Test worker] INFO  - Test Suite Started: Functionality -Save a post
13:59:50.840 [Test worker] INFO  - 
        __    _____ _____ ____ _____   ____   _    ____  ____  _____ ____  
  _     \ \  |_   _| ____/ ___|_   _| |  _ \ / \  / ___|/ ___|| ____|  _ \ 
 (_)_____| |   | | |  _| \___ \ | |   | |_) / _ \ \___ \\___ \|  _| | | | |
  _|_____| |   | | | |___ ___) || |   |  __/ ___ \ ___) |___) | |___| |_| |
 (_)     | |   |_| |_____|____/ |_|   |_| /_/   \_\____/|____/|_____|____/ 
        /_/                                                                

TEST TO BE PERFORMED - Save a post from the Reddit page.
----------------------------------------------------------------------------
13:59:50.849 [Test worker] DEBUG net.thucydides.core.reports.ReportService - Reporting formats: [JSON, HTML]
13:59:51.118 [Test worker] DEBUG net.thucydides.core.reports.ReportService - Reporting formats: [JSON, HTML]
13:59:51.149 [Test worker] DEBUG net.thucydides.core.reports.ReportService - Generating reports for 1 test outcomes using: net.thucydides.core.reports.json.JSONTestOutcomeReporter@71a7f0de
13:59:51.152 [pool-1-thread-1] DEBUG net.thucydides.core.reports.ReportService - Processing test outcome Functionality -Save a post:TEST TO BE PERFORMED - Save a post from the Reddit page.
13:59:51.152 [pool-1-thread-1] DEBUG net.thucydides.core.reports.ReportService - net.thucydides.core.reports.json.JSONTestOutcomeReporter@71a7f0de: Generating report for test outcome: Functionality -Save a post:TEST TO BE PERFORMED - Save a post from the Reddit page.
13:59:51.154 [pool-1-thread-1] DEBUG net.thucydides.core.reports.json.JSONTestOutcomeReporter - Generating JSON report for TEST TO BE PERFORMED - Save a post from the Reddit page. to file C:\Users\a.mayorga.cortes\Documents\Workspace-Java\reddit-screenplay-automated-test\target\site\serenity\5c1b91a7e0cbbdc56175174cc1c001631814b1c055a1cb7a892cdeb5470a1ab6.json (using temp file C:\Users\a.mayorga.cortes\Documents\Workspace-Java\reddit-screenplay-automated-test\target\site\serenity\5c1b91a7e0cbbdc56175174cc1c001631814b1c055a1cb7a892cdeb5470a1ab6.json4a53fca5-2d4a-4178-9ec8-530002aa2d6a)
13:59:51.193 [pool-1-thread-1] DEBUG net.thucydides.core.reports.ReportService - Processing test outcome Functionality -Save a post:TEST TO BE PERFORMED - Save a post from the Reddit page. done
13:59:51.193 [Test worker] DEBUG net.thucydides.core.reports.ReportService - Shutting down executor service
13:59:51.193 [Test worker] DEBUG net.thucydides.core.reports.ReportService - Reports generated in: 44 ms
13:59:51.193 [Test worker] DEBUG net.thucydides.core.reports.ReportService - Generating reports for 1 test outcomes using: net.thucydides.core.reports.html.HtmlAcceptanceTestReporter@6bb49d61
13:59:51.194 [pool-2-thread-1] DEBUG net.thucydides.core.reports.ReportService - Processing test outcome Functionality -Save a post:TEST TO BE PERFORMED - Save a post from the Reddit page.
13:59:51.194 [pool-2-thread-1] DEBUG net.thucydides.core.reports.ReportService - net.thucydides.core.reports.html.HtmlAcceptanceTestReporter@6bb49d61: Generating report for test outcome: Functionality -Save a post:TEST TO BE PERFORMED - Save a post from the Reddit page.
13:59:51.194 [pool-2-thread-1] DEBUG net.thucydides.core.reports.html.HtmlAcceptanceTestReporter - GENERATE TEST OUTCOME REPORT FOR TEST TO BE PERFORMED - Save a post from the Reddit page. in 5c1b91a7e0cbbdc56175174cc1c001631814b1c055a1cb7a892cdeb5470a1ab6
13:59:51.218 [pool-2-thread-1] DEBUG net.thucydides.core.requirements.RequirementsTagProvider -  found:[Requirement{name='Functionality -Join Subreddit', type='feature' parent = 'null', cardNumber='null'}, Requirement{name='Functionality -Save a post', type='feature' parent = 'null', cardNumber='null'}]
13:59:51.224 [pool-2-thread-1] DEBUG net.thucydides.core.requirements.BaseRequirementsService - Requirement found for test outcome TEST TO BE PERFORMED - Save a post from the Reddit page.-[]: Optional[Requirement{name='Functionality -Save a post', type='feature' parent = 'null', cardNumber='null'}]
13:59:51.227 [pool-2-thread-1] DEBUG net.thucydides.core.requirements.BaseRequirementsService - Requirement found for test outcome TEST TO BE PERFORMED - Save a post from the Reddit page.-[]: Optional[Requirement{name='Functionality -Save a post', type='feature' parent = 'null', cardNumber='null'}]
13:59:51.447 [pool-2-thread-1] DEBUG net.thucydides.core.requirements.BaseRequirementsService - Requirement found for test outcome TEST TO BE PERFORMED - Save a post from the Reddit page.-[]: Optional[Requirement{name='Functionality -Save a post', type='feature' parent = 'null', cardNumber='null'}]
13:59:51.449 [pool-2-thread-1] DEBUG net.thucydides.core.requirements.BaseRequirementsService - Requirement found for test outcome TEST TO BE PERFORMED - Save a post from the Reddit page.-[]: Optional[Requirement{name='Functionality -Save a post', type='feature' parent = 'null', cardNumber='null'}]
13:59:51.452 [pool-2-thread-1] DEBUG net.thucydides.core.reports.html.HtmlAcceptanceTestReporter - Generating report in 5c1b91a7e0cbbdc56175174cc1c001631814b1c055a1cb7a892cdeb5470a1ab6_screenshots.html
13:59:52.024 [pool-2-thread-1] DEBUG net.thucydides.core.reports.html.HtmlAcceptanceTestReporter - Generated report 5c1b91a7e0cbbdc56175174cc1c001631814b1c055a1cb7a892cdeb5470a1ab6_screenshots.html in 572 ms
13:59:52.025 [pool-2-thread-1] DEBUG net.thucydides.core.reports.html.HtmlAcceptanceTestReporter - GENERATING HTML REPORT FOR Functionality -Save a post:TEST TO BE PERFORMED - Save a post from the Reddit page. in 5c1b91a7e0cbbdc56175174cc1c001631814b1c055a1cb7a892cdeb5470a1ab6.html in directory C:\Users\a.mayorga.cortes\Documents\Workspace-Java\reddit-screenplay-automated-test\target\site\serenity  
13:59:52.027 [pool-2-thread-1] DEBUG net.thucydides.core.reports.html.HtmlAcceptanceTestReporter - Generating report in 5c1b91a7e0cbbdc56175174cc1c001631814b1c055a1cb7a892cdeb5470a1ab6.html
13:59:53.002 [pool-2-thread-1] DEBUG net.thucydides.core.reports.html.HtmlAcceptanceTestReporter - Generated report 5c1b91a7e0cbbdc56175174cc1c001631814b1c055a1cb7a892cdeb5470a1ab6.html in 975 ms
13:59:53.002 [pool-2-thread-1] DEBUG net.thucydides.core.reports.ReportService - Processing test outcome Functionality -Save a post:TEST TO BE PERFORMED - Save a post from the Reddit page. done
13:59:53.002 [Test worker] DEBUG net.thucydides.core.reports.ReportService - Shutting down executor service
13:59:53.002 [Test worker] DEBUG net.thucydides.core.reports.ReportService - Reports generated in: 1809 ms
13:59:53.323 [Test worker] DEBUG net.serenitybdd.core.photography.Darkroom - Closing darkroom
13:59:53.323 [Darkroom Processing Line] DEBUG net.serenitybdd.core.photography.DarkroomProcessingLine - Darkroom processing line shutting down
]]></system-out>
  <system-err><![CDATA[abr 19, 2021 1:59:15 PM cucumber.runtime.java.ObjectFactoryLoader loadSingleObjectFactory
WARNING: Loading deprecated ObjectFactory from runtime via reflection: cucumber.runtime.SerenityObjectFactory
]]></system-err>
</testsuite>
