<?xml version="1.0" encoding="UTF-8"?>
<testsuite name="runners.JoinSubreddit" tests="0" skipped="0" failures="0" errors="0" timestamp="1970-01-01T00:00:00" hostname="CPX-FIGG3BM9NOP" time="0.0">
  <properties/>
  <system-out><![CDATA[21:41:56.545 [Test worker] DEBUG net.thucydides.core.util.PropertiesFileLocalPreferences - LOADING LOCAL PROPERTIES FROM C:\Users\a.mayorga.cortes\Documents\Workspace-Java\reddit-screenplay-automated-test\serenity.properties 
21:41:56.639 [Test worker] DEBUG net.thucydides.core.util.PropertiesFileLocalPreferences - LOADING LOCAL PROPERTIES FROM C:\Users\a.mayorga.cortes\Documents\Workspace-Java\reddit-screenplay-automated-test\serenity.properties 
21:41:56.640 [Test worker] DEBUG net.thucydides.core.util.PropertiesFileLocalPreferences - LOADING LOCAL PROPERTIES FROM C:\Users\a.mayorga.cortes\Documents\Workspace-Java\reddit-screenplay-automated-test\serenity.properties 
21:41:56.653 [Test worker] DEBUG net.thucydides.core.util.PropertiesFileLocalPreferences - webdriver.driver=chrome
21:41:56.653 [Test worker] DEBUG net.thucydides.core.util.PropertiesFileLocalPreferences - webdriver.chrome.driver=src/test/resources/drivers/chromedriver.exe
21:41:56.653 [Test worker] DEBUG net.thucydides.core.util.PropertiesFileLocalPreferences - chrome.switches=--lang=es,--disable-popup-blocking,--disable-download-notification,--start-maximized,--test-type,--ignore-certificate-errors, --allow-running-insecure-content, --disable-translate, --always-authorizeplugins, --disable-extensions, --disable-notifications
21:41:56.653 [Test worker] DEBUG net.thucydides.core.util.PropertiesFileLocalPreferences - serenity.project.name="Reddit automated test"
21:41:56.870 [Test worker] DEBUG net.thucydides.core.util.PropertiesFileLocalPreferences - LOADING LOCAL PROPERTIES FROM C:\Users\a.mayorga.cortes\Documents\Workspace-Java\reddit-screenplay-automated-test\serenity.properties 
21:41:56.925 [Test worker] DEBUG net.thucydides.core.util.PropertiesFileLocalPreferences - LOADING LOCAL PROPERTIES FROM C:\Users\a.mayorga.cortes\Documents\Workspace-Java\reddit-screenplay-automated-test\serenity.properties 
21:41:56.926 [Test worker] DEBUG net.thucydides.core.util.PropertiesFileLocalPreferences - LOADING LOCAL PROPERTIES FROM C:\Users\a.mayorga.cortes\Documents\Workspace-Java\reddit-screenplay-automated-test\serenity.properties 
21:41:56.927 [Test worker] DEBUG net.thucydides.core.util.PropertiesFileLocalPreferences - webdriver.driver=chrome
21:41:56.927 [Test worker] DEBUG net.thucydides.core.util.PropertiesFileLocalPreferences - webdriver.chrome.driver=src/test/resources/drivers/chromedriver.exe
21:41:56.928 [Test worker] DEBUG net.thucydides.core.util.PropertiesFileLocalPreferences - chrome.switches=--lang=es,--disable-popup-blocking,--disable-download-notification,--start-maximized,--test-type,--ignore-certificate-errors, --allow-running-insecure-content, --disable-translate, --always-authorizeplugins, --disable-extensions, --disable-notifications
21:41:56.928 [Test worker] DEBUG net.thucydides.core.util.PropertiesFileLocalPreferences - serenity.project.name="Reddit automated test"
21:41:56.935 [Test worker] INFO  - 

-------------------------------------------------------------------------------------
     _______. _______ .______       _______ .__   __.  __  .___________.____    ____ 
    /       ||   ____||   _  \     |   ____||  \ |  | |  | |           |\   \  /   / 
   |   (----`|  |__   |  |_)  |    |  |__   |   \|  | |  | `---|  |----` \   \/   /  
    \   \    |   __|  |      /     |   __|  |  . `  | |  |     |  |       \_    _/   
.----)   |   |  |____ |  |\  \----.|  |____ |  |\   | |  |     |  |         |  |     
|_______/    |_______|| _| `._____||_______||__| \__| |__|     |__|         |__|    
                                                                                     
 News and tutorials at http://www.serenity-bdd.info                                  
 Documentation at https://wakaleo.gitbooks.io/the-serenity-book/content/             
 Join the Serenity Community on Gitter: https://gitter.im/serenity-bdd/serenity-core 
 Serenity BDD Support and Training at http://serenity-bdd.info/#/trainingandsupport  
 Learn Serenity BDD online at https://www.serenitydojo.net                           
-------------------------------------------------------------------------------------

21:41:56.938 [Test worker] DEBUG net.thucydides.core.steps.StepEventBus - Test suite started for story net.thucydides.core.model.Story@5af28a9f
21:41:56.939 [Test worker] INFO  - Test Suite Started: Functionality -Join Subreddit
21:42:45.879 [Test worker] INFO  - 
        __    _____ _____ ____ _____   ____   _    ____  ____  _____ ____  
  _     \ \  |_   _| ____/ ___|_   _| |  _ \ / \  / ___|/ ___|| ____|  _ \ 
 (_)_____| |   | | |  _| \___ \ | |   | |_) / _ \ \___ \\___ \|  _| | | | |
  _|_____| |   | | | |___ ___) || |   |  __/ ___ \ ___) |___) | |___| |_| |
 (_)     | |   |_| |_____|____/ |_|   |_| /_/   \_\____/|____/|_____|____/ 
        /_/                                                                

TEST TO BE PERFORMED - Join a subreddit from the main page.
----------------------------------------------------------------------------
21:42:45.885 [Test worker] DEBUG net.thucydides.core.reports.ReportService - Reporting formats: [JSON, HTML]
21:42:46.099 [Test worker] DEBUG net.thucydides.core.reports.ReportService - Reporting formats: [JSON, HTML]
21:42:46.131 [Test worker] DEBUG net.thucydides.core.reports.ReportService - Generating reports for 1 test outcomes using: net.thucydides.core.reports.json.JSONTestOutcomeReporter@1f8b2984
21:42:46.134 [pool-1-thread-1] DEBUG net.thucydides.core.reports.ReportService - Processing test outcome Functionality -Join Subreddit:TEST TO BE PERFORMED - Join a subreddit from the main page.
21:42:46.134 [pool-1-thread-1] DEBUG net.thucydides.core.reports.ReportService - net.thucydides.core.reports.json.JSONTestOutcomeReporter@1f8b2984: Generating report for test outcome: Functionality -Join Subreddit:TEST TO BE PERFORMED - Join a subreddit from the main page.
21:42:46.139 [pool-1-thread-1] DEBUG net.thucydides.core.reports.json.JSONTestOutcomeReporter - Generating JSON report for TEST TO BE PERFORMED - Join a subreddit from the main page. to file C:\Users\a.mayorga.cortes\Documents\Workspace-Java\reddit-screenplay-automated-test\target\site\serenity\85e232ff64563f0df21cdf5bffdd13461e7a90e68ea045aa03c59ff61b915bac.json (using temp file C:\Users\a.mayorga.cortes\Documents\Workspace-Java\reddit-screenplay-automated-test\target\site\serenity\85e232ff64563f0df21cdf5bffdd13461e7a90e68ea045aa03c59ff61b915bac.jsondc8e2151-a97d-4669-9e8e-63919faab4ec)
21:42:46.201 [pool-1-thread-1] DEBUG net.thucydides.core.reports.ReportService - Processing test outcome Functionality -Join Subreddit:TEST TO BE PERFORMED - Join a subreddit from the main page. done
21:42:46.201 [Test worker] DEBUG net.thucydides.core.reports.ReportService - Shutting down executor service
21:42:46.202 [Test worker] DEBUG net.thucydides.core.reports.ReportService - Reports generated in: 71 ms
21:42:46.202 [Test worker] DEBUG net.thucydides.core.reports.ReportService - Generating reports for 1 test outcomes using: net.thucydides.core.reports.html.HtmlAcceptanceTestReporter@725b74b5
21:42:46.203 [pool-2-thread-1] DEBUG net.thucydides.core.reports.ReportService - Processing test outcome Functionality -Join Subreddit:TEST TO BE PERFORMED - Join a subreddit from the main page.
21:42:46.203 [pool-2-thread-1] DEBUG net.thucydides.core.reports.ReportService - net.thucydides.core.reports.html.HtmlAcceptanceTestReporter@725b74b5: Generating report for test outcome: Functionality -Join Subreddit:TEST TO BE PERFORMED - Join a subreddit from the main page.
21:42:46.203 [pool-2-thread-1] DEBUG net.thucydides.core.reports.html.HtmlAcceptanceTestReporter - GENERATE TEST OUTCOME REPORT FOR TEST TO BE PERFORMED - Join a subreddit from the main page. in 85e232ff64563f0df21cdf5bffdd13461e7a90e68ea045aa03c59ff61b915bac
21:42:46.275 [pool-2-thread-1] DEBUG net.thucydides.core.requirements.RequirementsTagProvider -  found:[Requirement{name='Functionality -Join Subreddit', type='feature' parent = 'null', cardNumber='null'}, Requirement{name='Functionality -Save a post', type='feature' parent = 'null', cardNumber='null'}]
21:42:46.283 [pool-2-thread-1] DEBUG net.thucydides.core.requirements.BaseRequirementsService - Requirement found for test outcome TEST TO BE PERFORMED - Join a subreddit from the main page.-[]: Optional[Requirement{name='Functionality -Join Subreddit', type='feature' parent = 'null', cardNumber='null'}]
21:42:46.300 [pool-2-thread-1] DEBUG net.thucydides.core.requirements.BaseRequirementsService - Requirement found for test outcome TEST TO BE PERFORMED - Join a subreddit from the main page.-[]: Optional[Requirement{name='Functionality -Join Subreddit', type='feature' parent = 'null', cardNumber='null'}]
21:42:46.420 [pool-2-thread-1] DEBUG net.thucydides.core.requirements.BaseRequirementsService - Requirement found for test outcome TEST TO BE PERFORMED - Join a subreddit from the main page.-[]: Optional[Requirement{name='Functionality -Join Subreddit', type='feature' parent = 'null', cardNumber='null'}]
21:42:46.421 [pool-2-thread-1] DEBUG net.thucydides.core.requirements.BaseRequirementsService - Requirement found for test outcome TEST TO BE PERFORMED - Join a subreddit from the main page.-[]: Optional[Requirement{name='Functionality -Join Subreddit', type='feature' parent = 'null', cardNumber='null'}]
21:42:46.426 [pool-2-thread-1] DEBUG net.thucydides.core.reports.html.HtmlAcceptanceTestReporter - Generating report in 85e232ff64563f0df21cdf5bffdd13461e7a90e68ea045aa03c59ff61b915bac_screenshots.html
21:42:47.275 [pool-2-thread-1] DEBUG net.thucydides.core.reports.html.HtmlAcceptanceTestReporter - Generated report 85e232ff64563f0df21cdf5bffdd13461e7a90e68ea045aa03c59ff61b915bac_screenshots.html in 849 ms
21:42:47.277 [pool-2-thread-1] DEBUG net.thucydides.core.reports.html.HtmlAcceptanceTestReporter - GENERATING HTML REPORT FOR Functionality -Join Subreddit:TEST TO BE PERFORMED - Join a subreddit from the main page. in 85e232ff64563f0df21cdf5bffdd13461e7a90e68ea045aa03c59ff61b915bac.html in directory C:\Users\a.mayorga.cortes\Documents\Workspace-Java\reddit-screenplay-automated-test\target\site\serenity  
21:42:47.280 [pool-2-thread-1] DEBUG net.thucydides.core.reports.html.HtmlAcceptanceTestReporter - Generating report in 85e232ff64563f0df21cdf5bffdd13461e7a90e68ea045aa03c59ff61b915bac.html
21:42:49.351 [pool-2-thread-1] DEBUG net.thucydides.core.reports.html.HtmlAcceptanceTestReporter - Generated report 85e232ff64563f0df21cdf5bffdd13461e7a90e68ea045aa03c59ff61b915bac.html in 2071 ms
21:42:49.351 [pool-2-thread-1] DEBUG net.thucydides.core.reports.ReportService - Processing test outcome Functionality -Join Subreddit:TEST TO BE PERFORMED - Join a subreddit from the main page. done
21:42:49.351 [Test worker] DEBUG net.thucydides.core.reports.ReportService - Shutting down executor service
21:42:49.351 [Test worker] DEBUG net.thucydides.core.reports.ReportService - Reports generated in: 3149 ms
21:42:49.666 [Test worker] DEBUG net.serenitybdd.core.photography.Darkroom - Closing darkroom
21:42:49.666 [Darkroom Processing Line] DEBUG net.serenitybdd.core.photography.DarkroomProcessingLine - Darkroom processing line shutting down
]]></system-out>
  <system-err><![CDATA[abr 19, 2021 9:41:57 PM cucumber.runtime.java.ObjectFactoryLoader loadSingleObjectFactory
WARNING: Loading deprecated ObjectFactory from runtime via reflection: cucumber.runtime.SerenityObjectFactory
]]></system-err>
</testsuite>
