<?xml version="1.0" encoding="UTF-8"?>
<testsuite name="Functionality -Join Subreddit" tests="1" skipped="0" failures="0" errors="0" timestamp="2021-04-20T02:41:57" hostname="CPX-FIGG3BM9NOP" time="47.8">
  <properties/>
  <testcase name="TEST TO BE PERFORMED - Join a subreddit from the main page." classname="Functionality -Join Subreddit" time="47.8"/>
  <system-out><![CDATA[21:41:57.163 [Test worker] INFO  - 
 _____ _____ ____ _____   ____ _____  _    ____ _____ _____ ____  
|_   _| ____/ ___|_   _| / ___|_   _|/ \  |  _ \_   _| ____|  _ \ 
  | | |  _| \___ \ | |   \___ \ | | / _ \ | |_) || | |  _| | | | |
  | | | |___ ___) || |    ___) || |/ ___ \|  _ < | | | |___| |_| |
  |_| |_____|____/ |_|   |____/ |_/_/   \_\_| \_\|_| |_____|____/ 

TEST TO BE PERFORMED - Join a subreddit from the main page.(functionality--join-subreddit;test-to-be-performed---join-a-subreddit-from-the-main-page.)
-------------------------------------------------------------------
21:41:57.950 [Test worker] DEBUG net.thucydides.core.steps.StepInterceptor - STARTING STEP: SavePostStepdefinitions.thatAccentureTestingEntersWithUserForUITestingAndCorreoPruebasTesting_ - {0} opens the #targetPage
21:41:58.585 [Test worker] INFO net.serenitybdd.core.webdriver.driverproviders.ProvideNewDriver - Instantiating driver
21:41:58.585 [Test worker] INFO net.serenitybdd.core.webdriver.driverproviders.ProvideNewDriver - Driver capabilities: Capabilities {acceptInsecureCerts: false, browserName: chrome, chrome.switches: --lang=es,--disable-popup-b..., goog:chromeOptions: {args: [--lang=es, --disable-popup-blocking, --disable-download-notifica..., --start-maximized, --test-type, --ignore-certificate-errors, --allow-running-insecure-co..., --disable-translate, --always-authorizeplugins, --disable-extensions, --disable-notifications], extensions: []}, loggingPrefs: org.openqa.selenium.logging..., platform: ANY, version: }
21:42:05.934 [Test worker] DEBUG net.serenitybdd.core.photography.Darkroom - Opening darkroom
21:42:05.935 [Darkroom Processing Line] DEBUG net.serenitybdd.core.photography.DarkroomProcessingLine - Darkroom processing line starting up
21:42:06.352 [Test worker] DEBUG net.serenitybdd.core.photography.Darkroom - Send negative for processing for C:\Users\a.mayorga.cortes\Documents\Workspace-Java\reddit-screenplay-automated-test\target\site\serenity\f64902ba82e489282094ff6e9846dbe5260d2893bd7631c3b993ab99f5fa9b02.png
21:42:06.406 [Test worker] DEBUG net.thucydides.core.steps.StepInterceptor - STEP DONE: {0} opens the #targetPage
21:42:06.761 [Test worker] DEBUG net.serenitybdd.core.photography.Darkroom - Send negative for processing for C:\Users\a.mayorga.cortes\Documents\Workspace-Java\reddit-screenplay-automated-test\target\site\serenity\f64902ba82e489282094ff6e9846dbe5260d2893bd7631c3b993ab99f5fa9b02.png
21:42:06.762 [Test worker] DEBUG net.thucydides.core.steps.StepInterceptor - STARTING STEP: SavePostStepdefinitions.thatAccentureTestingEntersWithUserForUITestingAndCorreoPruebasTesting_ - performAs
21:42:07.184 [Test worker] DEBUG net.serenitybdd.core.photography.Darkroom - Send negative for processing for C:\Users\a.mayorga.cortes\Documents\Workspace-Java\reddit-screenplay-automated-test\target\site\serenity\f64902ba82e489282094ff6e9846dbe5260d2893bd7631c3b993ab99f5fa9b02.png
21:42:07.185 [Test worker] DEBUG net.thucydides.core.steps.StepInterceptor - STARTING STEP: Login.performAs - {0} enters #theTextAsAString into #target
21:42:07.186 [Test worker] DEBUG net.serenitybdd.screenplay.targets.IFrameSwitcher - default content already selected for Text input for the username credential
21:42:08.004 [Test worker] DEBUG net.serenitybdd.core.photography.Darkroom - Send negative for processing for C:\Users\a.mayorga.cortes\Documents\Workspace-Java\reddit-screenplay-automated-test\target\site\serenity\d50ba51adcd6638edb4ff2ba02c7198a4a3134df2cc8ae6bcd47f0d0a93e49d1.png
21:42:08.005 [Test worker] DEBUG net.thucydides.core.steps.StepInterceptor - STEP DONE: {0} enters #theTextAsAString into #target
21:42:08.023 [Test worker] DEBUG net.thucydides.core.steps.StepInterceptor - STARTING STEP: Login.performAs - {0} enters #theTextAsAString into #target
21:42:08.024 [Test worker] DEBUG net.serenitybdd.screenplay.targets.IFrameSwitcher - default content already selected for Text input for the password credential
21:42:08.438 [Test worker] DEBUG net.serenitybdd.screenplay.targets.IFrameSwitcher - default content already selected for Text input for the password credential
21:42:08.982 [Test worker] DEBUG net.serenitybdd.core.photography.Darkroom - Send negative for processing for C:\Users\a.mayorga.cortes\Documents\Workspace-Java\reddit-screenplay-automated-test\target\site\serenity\0b6535e09199378dcc25017d9aba65d1611f853aff6219af1446b56f8da12504.png
21:42:08.983 [Test worker] DEBUG net.thucydides.core.steps.StepInterceptor - STEP DONE: {0} enters #theTextAsAString into #target
21:42:09.003 [Test worker] DEBUG net.thucydides.core.steps.StepInterceptor - STEP DONE: performAs
21:42:09.482 [Test worker] DEBUG net.serenitybdd.core.photography.Darkroom - Send negative for processing for C:\Users\a.mayorga.cortes\Documents\Workspace-Java\reddit-screenplay-automated-test\target\site\serenity\c8e10f26d96e42bd341f54761b69da06a97d6a2c926e12441acc99af7c70a92d.png
21:42:09.483 [Darkroom Processing Line] DEBUG net.serenitybdd.core.photography.DarkroomProcessingLine - Processing screenshot image in /var/screenshots/screenshot-283993210531162932
21:42:09.483 [Darkroom Processing Line] DEBUG net.serenitybdd.core.photography.DarkroomProcessingLine - Saving screenshot to C:\Users\a.mayorga.cortes\Documents\Workspace-Java\reddit-screenplay-automated-test\target\site\serenity\c8e10f26d96e42bd341f54761b69da06a97d6a2c926e12441acc99af7c70a92d.png
21:42:09.519 [Test worker] DEBUG net.thucydides.core.steps.StepInterceptor - STARTING STEP: JoinSubredditStepdefinitions.userWantsToJoinASubredditNamedRInstagramreality - performAs
21:42:09.553 [Test worker] DEBUG net.serenitybdd.screenplay.targets.IFrameSwitcher - default content already selected for search bar
21:42:24.872 [Test worker] DEBUG net.serenitybdd.core.photography.Darkroom - Send negative for processing for C:\Users\a.mayorga.cortes\Documents\Workspace-Java\reddit-screenplay-automated-test\target\site\serenity\3bc7b004396b6f616a851de30f863de4da505686881d71403886237c7bd46626.png
21:42:24.872 [Test worker] DEBUG net.thucydides.core.steps.StepInterceptor - STARTING STEP: SearchInSearchBar.performAs - {0} enters #theTextAsAString into #target
21:42:24.872 [Darkroom Processing Line] DEBUG net.serenitybdd.core.photography.DarkroomProcessingLine - Processing screenshot image in /var/screenshots/screenshot-8667728625600537162
21:42:24.872 [Darkroom Processing Line] DEBUG net.serenitybdd.core.photography.DarkroomProcessingLine - Saving screenshot to C:\Users\a.mayorga.cortes\Documents\Workspace-Java\reddit-screenplay-automated-test\target\site\serenity\3bc7b004396b6f616a851de30f863de4da505686881d71403886237c7bd46626.png
21:42:24.873 [Test worker] DEBUG net.serenitybdd.screenplay.targets.IFrameSwitcher - default content already selected for search bar
21:42:25.883 [Test worker] DEBUG net.serenitybdd.core.photography.Darkroom - Send negative for processing for C:\Users\a.mayorga.cortes\Documents\Workspace-Java\reddit-screenplay-automated-test\target\site\serenity\ff2b1abb7c30a21948ce60698ab3c27c0c9ff4094429773cf057b47e7bf76547.png
21:42:25.883 [Test worker] DEBUG net.thucydides.core.steps.StepInterceptor - STEP DONE: {0} enters #theTextAsAString into #target
21:42:25.883 [Darkroom Processing Line] DEBUG net.serenitybdd.core.photography.DarkroomProcessingLine - Processing screenshot image in /var/screenshots/screenshot-3486512159225258608
21:42:25.883 [Darkroom Processing Line] DEBUG net.serenitybdd.core.photography.DarkroomProcessingLine - Saving screenshot to C:\Users\a.mayorga.cortes\Documents\Workspace-Java\reddit-screenplay-automated-test\target\site\serenity\ff2b1abb7c30a21948ce60698ab3c27c0c9ff4094429773cf057b47e7bf76547.png
21:42:25.896 [Test worker] DEBUG net.thucydides.core.steps.StepInterceptor - STARTING STEP: SearchInSearchBar.performAs - {0} clicks on #target
21:42:25.897 [Test worker] DEBUG net.serenitybdd.screenplay.targets.IFrameSwitcher - default content already selected for search bar
21:42:26.926 [Test worker] DEBUG net.serenitybdd.core.photography.Darkroom - Send negative for processing for C:\Users\a.mayorga.cortes\Documents\Workspace-Java\reddit-screenplay-automated-test\target\site\serenity\75da483a8c67a339a2e60181b4d6b8277512a3a5f0614e7925b59a13cb01e8be.png
21:42:26.927 [Test worker] DEBUG net.thucydides.core.steps.StepInterceptor - STEP DONE: {0} clicks on #target
21:42:26.927 [Darkroom Processing Line] DEBUG net.serenitybdd.core.photography.DarkroomProcessingLine - Processing screenshot image in /var/screenshots/screenshot-131138700528390449
21:42:26.928 [Darkroom Processing Line] DEBUG net.serenitybdd.core.photography.DarkroomProcessingLine - Saving screenshot to C:\Users\a.mayorga.cortes\Documents\Workspace-Java\reddit-screenplay-automated-test\target\site\serenity\75da483a8c67a339a2e60181b4d6b8277512a3a5f0614e7925b59a13cb01e8be.png
21:42:26.931 [Test worker] DEBUG net.serenitybdd.screenplay.targets.IFrameSwitcher - default content already selected for search suggestions
21:42:27.593 [Test worker] DEBUG net.serenitybdd.core.photography.Darkroom - Send negative for processing for C:\Users\a.mayorga.cortes\Documents\Workspace-Java\reddit-screenplay-automated-test\target\site\serenity\1955c527beca32a57c6e4327fb39614ce991ee3853449201b00d0edb3ee8a572.png
21:42:27.594 [Test worker] DEBUG net.thucydides.core.steps.StepInterceptor - STARTING STEP: SearchInSearchBar.performAs - {0} clicks on #target
21:42:27.594 [Darkroom Processing Line] DEBUG net.serenitybdd.core.photography.DarkroomProcessingLine - Processing screenshot image in /var/screenshots/screenshot-1114612703068203705
21:42:27.594 [Darkroom Processing Line] DEBUG net.serenitybdd.core.photography.DarkroomProcessingLine - Saving screenshot to C:\Users\a.mayorga.cortes\Documents\Workspace-Java\reddit-screenplay-automated-test\target\site\serenity\1955c527beca32a57c6e4327fb39614ce991ee3853449201b00d0edb3ee8a572.png
21:42:27.595 [Test worker] DEBUG net.serenitybdd.screenplay.targets.IFrameSwitcher - default content already selected for search suggestions
21:42:28.690 [Test worker] DEBUG net.serenitybdd.core.photography.Darkroom - Send negative for processing for C:\Users\a.mayorga.cortes\Documents\Workspace-Java\reddit-screenplay-automated-test\target\site\serenity\07fd6e0667ee4a0cb0298133ffc9945a5b77112d6bbae790b79677cd06d52a79.png
21:42:28.691 [Test worker] DEBUG net.thucydides.core.steps.StepInterceptor - STEP DONE: {0} clicks on #target
21:42:28.722 [Test worker] DEBUG net.thucydides.core.steps.StepInterceptor - STEP DONE: performAs
21:42:29.286 [Test worker] DEBUG net.serenitybdd.core.photography.Darkroom - Send negative for processing for C:\Users\a.mayorga.cortes\Documents\Workspace-Java\reddit-screenplay-automated-test\target\site\serenity\ec12906ea3f7a72a08445cef67e4f212c82852bf5a6b1427802f608794998d1a.png
21:42:29.287 [Test worker] DEBUG net.thucydides.core.steps.StepInterceptor - STARTING STEP: JoinSubredditStepdefinitions.userWantsToJoinASubredditNamedRInstagramreality - performAs
21:42:29.287 [Darkroom Processing Line] DEBUG net.serenitybdd.core.photography.DarkroomProcessingLine - Processing screenshot image in /var/screenshots/screenshot-7425897242289939084
21:42:29.287 [Darkroom Processing Line] DEBUG net.serenitybdd.core.photography.DarkroomProcessingLine - Saving screenshot to C:\Users\a.mayorga.cortes\Documents\Workspace-Java\reddit-screenplay-automated-test\target\site\serenity\ec12906ea3f7a72a08445cef67e4f212c82852bf5a6b1427802f608794998d1a.png
21:42:29.307 [Test worker] DEBUG net.serenitybdd.screenplay.targets.IFrameSwitcher - default content already selected for Button to join sub
21:42:30.043 [Test worker] DEBUG net.serenitybdd.core.photography.Darkroom - Send negative for processing for C:\Users\a.mayorga.cortes\Documents\Workspace-Java\reddit-screenplay-automated-test\target\site\serenity\64f72a2094568555ff3acf10d74f0cdeac7a267749ad5f543f27ca21e272da80.png
21:42:30.044 [Darkroom Processing Line] DEBUG net.serenitybdd.core.photography.DarkroomProcessingLine - Processing screenshot image in /var/screenshots/screenshot-1993796929570468380
21:42:30.044 [Test worker] DEBUG net.thucydides.core.steps.StepInterceptor - STARTING STEP: JoinSubreddit.performAs - {0} clicks on #target
21:42:30.045 [Darkroom Processing Line] DEBUG net.serenitybdd.core.photography.DarkroomProcessingLine - Saving screenshot to C:\Users\a.mayorga.cortes\Documents\Workspace-Java\reddit-screenplay-automated-test\target\site\serenity\64f72a2094568555ff3acf10d74f0cdeac7a267749ad5f543f27ca21e272da80.png
21:42:30.047 [Test worker] DEBUG net.serenitybdd.screenplay.targets.IFrameSwitcher - default content already selected for Button to join sub
21:42:32.097 [Test worker] DEBUG net.serenitybdd.core.photography.Darkroom - Send negative for processing for C:\Users\a.mayorga.cortes\Documents\Workspace-Java\reddit-screenplay-automated-test\target\site\serenity\049d6532eadb60d1d1eb3ddbaef5d33756c2a540be48fdce9159b76a453d39ca.png
21:42:32.098 [Test worker] DEBUG net.thucydides.core.steps.StepInterceptor - STEP DONE: {0} clicks on #target
21:42:32.098 [Darkroom Processing Line] DEBUG net.serenitybdd.core.photography.DarkroomProcessingLine - Processing screenshot image in /var/screenshots/screenshot-3188740658604446817
21:42:32.098 [Darkroom Processing Line] DEBUG net.serenitybdd.core.photography.DarkroomProcessingLine - Saving screenshot to C:\Users\a.mayorga.cortes\Documents\Workspace-Java\reddit-screenplay-automated-test\target\site\serenity\049d6532eadb60d1d1eb3ddbaef5d33756c2a540be48fdce9159b76a453d39ca.png
21:42:32.101 [Test worker] DEBUG net.serenitybdd.screenplay.targets.IFrameSwitcher - default content already selected for Name of the subreddit
21:42:32.686 [Test worker] DEBUG net.serenitybdd.core.photography.Darkroom - Send negative for processing for C:\Users\a.mayorga.cortes\Documents\Workspace-Java\reddit-screenplay-automated-test\target\site\serenity\988e9f6ff4d27d7b5f6db26709bdbee46a3dce41aa5c2f24cde4b27fb1093d62.png
21:42:32.686 [Test worker] DEBUG net.thucydides.core.steps.StepInterceptor - STEP DONE: performAs
21:42:32.686 [Darkroom Processing Line] DEBUG net.serenitybdd.core.photography.DarkroomProcessingLine - Processing screenshot image in /var/screenshots/screenshot-8866883783024364475
21:42:32.686 [Darkroom Processing Line] DEBUG net.serenitybdd.core.photography.DarkroomProcessingLine - Saving screenshot to C:\Users\a.mayorga.cortes\Documents\Workspace-Java\reddit-screenplay-automated-test\target\site\serenity\988e9f6ff4d27d7b5f6db26709bdbee46a3dce41aa5c2f24cde4b27fb1093d62.png
21:42:38.177 [Test worker] DEBUG net.serenitybdd.core.photography.Darkroom - Send negative for processing for C:\Users\a.mayorga.cortes\Documents\Workspace-Java\reddit-screenplay-automated-test\target\site\serenity\ed3749d7392b636738f302cb6faca50471c711b90e03539b07699069cee03537.png
21:42:38.177 [Test worker] DEBUG net.thucydides.core.steps.StepInterceptor - STARTING STEP: JoinSubredditStepdefinitions.userExpectForTheSectionToHaveTheNewRInstagramrealityItem - performAs
21:42:38.177 [Darkroom Processing Line] DEBUG net.serenitybdd.core.photography.DarkroomProcessingLine - Processing screenshot image in /var/screenshots/screenshot-694741170819451792
21:42:38.177 [Darkroom Processing Line] DEBUG net.serenitybdd.core.photography.DarkroomProcessingLine - Saving screenshot to C:\Users\a.mayorga.cortes\Documents\Workspace-Java\reddit-screenplay-automated-test\target\site\serenity\ed3749d7392b636738f302cb6faca50471c711b90e03539b07699069cee03537.png
21:42:38.193 [Test worker] DEBUG net.serenitybdd.screenplay.targets.IFrameSwitcher - default content already selected for search suggestions
21:42:38.636 [Test worker] DEBUG net.serenitybdd.core.photography.Darkroom - Send negative for processing for C:\Users\a.mayorga.cortes\Documents\Workspace-Java\reddit-screenplay-automated-test\target\site\serenity\ed3749d7392b636738f302cb6faca50471c711b90e03539b07699069cee03537.png
21:42:38.641 [Test worker] DEBUG net.thucydides.core.steps.StepInterceptor - STARTING STEP: SearchInPostFilter.performAs - {0} clicks on #target
21:42:38.642 [Test worker] DEBUG net.serenitybdd.screenplay.targets.IFrameSwitcher - default content already selected for search suggestions
21:42:39.611 [Test worker] DEBUG net.serenitybdd.core.photography.Darkroom - Send negative for processing for C:\Users\a.mayorga.cortes\Documents\Workspace-Java\reddit-screenplay-automated-test\target\site\serenity\3cd757e211254201a074ad5f1193b5806438c8bdcd0de3be0ccb774e1082c27c.png
21:42:39.612 [Test worker] DEBUG net.thucydides.core.steps.StepInterceptor - STEP DONE: {0} clicks on #target
21:42:39.612 [Darkroom Processing Line] DEBUG net.serenitybdd.core.photography.DarkroomProcessingLine - Processing screenshot image in /var/screenshots/screenshot-8117151604232370542
21:42:39.612 [Darkroom Processing Line] DEBUG net.serenitybdd.core.photography.DarkroomProcessingLine - Saving screenshot to C:\Users\a.mayorga.cortes\Documents\Workspace-Java\reddit-screenplay-automated-test\target\site\serenity\3cd757e211254201a074ad5f1193b5806438c8bdcd0de3be0ccb774e1082c27c.png
21:42:39.614 [Test worker] DEBUG net.serenitybdd.screenplay.targets.IFrameSwitcher - default content already selected for search suggestions
21:42:40.195 [Test worker] DEBUG net.serenitybdd.core.photography.Darkroom - Send negative for processing for C:\Users\a.mayorga.cortes\Documents\Workspace-Java\reddit-screenplay-automated-test\target\site\serenity\2eefb9b372c08faaa08876fb27b88a1e984eac7c3f8174d4f8f1e53de4eff5ae.png
21:42:40.196 [Darkroom Processing Line] DEBUG net.serenitybdd.core.photography.DarkroomProcessingLine - Processing screenshot image in /var/screenshots/screenshot-8069599185196291369
21:42:40.196 [Test worker] DEBUG net.thucydides.core.steps.StepInterceptor - STARTING STEP: SearchInPostFilter.performAs - {0} enters #theTextAsAString into #target
21:42:40.196 [Darkroom Processing Line] DEBUG net.serenitybdd.core.photography.DarkroomProcessingLine - Saving screenshot to C:\Users\a.mayorga.cortes\Documents\Workspace-Java\reddit-screenplay-automated-test\target\site\serenity\2eefb9b372c08faaa08876fb27b88a1e984eac7c3f8174d4f8f1e53de4eff5ae.png
21:42:40.197 [Test worker] DEBUG net.serenitybdd.screenplay.targets.IFrameSwitcher - default content already selected for search suggestions
21:42:41.304 [Test worker] DEBUG net.serenitybdd.core.photography.Darkroom - Send negative for processing for C:\Users\a.mayorga.cortes\Documents\Workspace-Java\reddit-screenplay-automated-test\target\site\serenity\a19e2881859d86ca1522b2fe35a6d72b29526bb49a27b160ee9aa30b81dc95ad.png
21:42:41.305 [Test worker] DEBUG net.thucydides.core.steps.StepInterceptor - STEP DONE: {0} enters #theTextAsAString into #target
21:42:41.305 [Darkroom Processing Line] DEBUG net.serenitybdd.core.photography.DarkroomProcessingLine - Processing screenshot image in /var/screenshots/screenshot-2618951364034678618
21:42:41.305 [Darkroom Processing Line] DEBUG net.serenitybdd.core.photography.DarkroomProcessingLine - Saving screenshot to C:\Users\a.mayorga.cortes\Documents\Workspace-Java\reddit-screenplay-automated-test\target\site\serenity\a19e2881859d86ca1522b2fe35a6d72b29526bb49a27b160ee9aa30b81dc95ad.png
21:42:41.327 [Test worker] DEBUG net.thucydides.core.steps.StepInterceptor - STEP DONE: performAs
21:42:41.932 [Test worker] DEBUG net.serenitybdd.core.photography.Darkroom - Send negative for processing for C:\Users\a.mayorga.cortes\Documents\Workspace-Java\reddit-screenplay-automated-test\target\site\serenity\b4964c78ba971f23d53b602fa3d57f36c67a63efa1e1c6e07faabc43607f7082.png
21:42:41.933 [Darkroom Processing Line] DEBUG net.serenitybdd.core.photography.DarkroomProcessingLine - Processing screenshot image in /var/screenshots/screenshot-424768046304620446
21:42:41.933 [Darkroom Processing Line] DEBUG net.serenitybdd.core.photography.DarkroomProcessingLine - Saving screenshot to C:\Users\a.mayorga.cortes\Documents\Workspace-Java\reddit-screenplay-automated-test\target\site\serenity\b4964c78ba971f23d53b602fa3d57f36c67a63efa1e1c6e07faabc43607f7082.png
21:42:41.934 [Test worker] DEBUG net.serenitybdd.screenplay.targets.IFrameSwitcher - default content already selected for search suggestions
21:42:42.460 [Test worker] DEBUG net.serenitybdd.core.photography.Darkroom - Send negative for processing for C:\Users\a.mayorga.cortes\Documents\Workspace-Java\reddit-screenplay-automated-test\target\site\serenity\a19e2881859d86ca1522b2fe35a6d72b29526bb49a27b160ee9aa30b81dc95ad.png
21:42:44.032 [Test worker] DEBUG net.serenitybdd.core.photography.Darkroom - Send negative for processing for C:\Users\a.mayorga.cortes\Documents\Workspace-Java\reddit-screenplay-automated-test\target\site\serenity\b4964c78ba971f23d53b602fa3d57f36c67a63efa1e1c6e07faabc43607f7082.png
21:42:44.033 [Test worker] DEBUG net.thucydides.core.steps.StepInterceptor - STARTING STEP: JoinSubredditStepdefinitions.tearDown - performAs
21:42:44.038 [Test worker] DEBUG net.serenitybdd.screenplay.targets.IFrameSwitcher - default content already selected for Button to leave sub
21:42:44.421 [Test worker] DEBUG net.serenitybdd.core.photography.Darkroom - Send negative for processing for C:\Users\a.mayorga.cortes\Documents\Workspace-Java\reddit-screenplay-automated-test\target\site\serenity\a19e2881859d86ca1522b2fe35a6d72b29526bb49a27b160ee9aa30b81dc95ad.png
21:42:44.422 [Test worker] DEBUG net.thucydides.core.steps.StepInterceptor - STARTING STEP: LeaveSubreddit.performAs - {0} clicks on #target
21:42:44.422 [Test worker] DEBUG net.serenitybdd.screenplay.targets.IFrameSwitcher - default content already selected for Button to leave sub
21:42:44.912 [Test worker] DEBUG net.serenitybdd.core.photography.Darkroom - Send negative for processing for C:\Users\a.mayorga.cortes\Documents\Workspace-Java\reddit-screenplay-automated-test\target\site\serenity\e8e9d790e06b2550d4bab62ad4d474e78d6dca748905446c2f5cc3842c07e0b2.png
21:42:44.912 [Test worker] DEBUG net.thucydides.core.steps.StepInterceptor - STEP DONE: {0} clicks on #target
21:42:44.912 [Darkroom Processing Line] DEBUG net.serenitybdd.core.photography.DarkroomProcessingLine - Processing screenshot image in /var/screenshots/screenshot-9012078670002203212
21:42:44.913 [Darkroom Processing Line] DEBUG net.serenitybdd.core.photography.DarkroomProcessingLine - Saving screenshot to C:\Users\a.mayorga.cortes\Documents\Workspace-Java\reddit-screenplay-automated-test\target\site\serenity\e8e9d790e06b2550d4bab62ad4d474e78d6dca748905446c2f5cc3842c07e0b2.png
21:42:44.913 [Test worker] DEBUG net.serenitybdd.screenplay.targets.IFrameSwitcher - default content already selected for Name of the subreddit
21:42:44.940 [Test worker] DEBUG net.thucydides.core.steps.StepInterceptor - STEP DONE: performAs
]]></system-out>
  <system-err><![CDATA[abr 19, 2021 9:41:58 PM org.openqa.selenium.remote.DesiredCapabilities chrome
INFO: Using `new ChromeOptions()` is preferred to `DesiredCapabilities.chrome()`
Starting ChromeDriver 89.0.4389.23 (61b08ee2c50024bab004e48d2b1b083cdbdac579-refs/branch-heads/4389@{#294}) on port 30363
Only local connections are allowed.
Please see https://chromedriver.chromium.org/security-considerations for suggestions on keeping ChromeDriver safe.
ChromeDriver was started successfully.
abr 19, 2021 9:42:00 PM org.openqa.selenium.remote.ProtocolHandshake createSession
INFO: Detected dialect: W3C
]]></system-err>
</testsuite>
